<?xml version="1.0" encoding="UTF-8"?>
<testsuite name="demoWebApp.LibraryTest" tests="1" skipped="0" failures="0" errors="0" timestamp="2019-12-15T02:16:39" hostname="jahid-ThinkPad-Edge-E440" time="0.014">
  <properties/>
  <testcase name="testSomeLibraryMethod" classname="demoWebApp.LibraryTest" time="0.014"/>
  <system-out><![CDATA[]]></system-out>
  <system-err><![CDATA[]]></system-err>
</testsuite>
